# JRE version: Java(TM) SE Runtime Environment (7.0_40-b43) (build 1.7.0_40-b43)
# Java VM: Java HotSpot(TM) Client VM (24.0-b56 mixed mode, sharing windows-x86 )
Heap
 def new generation   total 4928K, used 1796K [0x23c10000, 0x24160000, 0x29160000)
  eden space 4416K,  29% used [0x23c10000, 0x23d51048, 0x24060000)
  from space 512K, 100% used [0x24060000, 0x240e0000, 0x240e0000)
  to   space 512K,   0% used [0x240e0000, 0x240e0000, 0x24160000)
 tenured generation   total 10944K, used 1935K [0x29160000, 0x29c10000, 0x33c10000)
   the space 10944K,  17% used [0x29160000, 0x29343d88, 0x29343e00, 0x29c10000)
 compacting perm gen  total 12288K, used 3012K [0x33c10000, 0x34810000, 0x37c10000)
   the space 12288K,  24% used [0x33c10000, 0x33f011c8, 0x33f01200, 0x34810000)
    ro space 10240K,  44% used [0x37c10000, 0x380873f0, 0x38087400, 0x38610000)
    rw space 12288K,  52% used [0x38610000, 0x38c5dd28, 0x38c5de00, 0x39210000)
GC Heap History (4 events):
Event: 0.286 GC heap before
{Heap before GC invocations=0 (full 0):
 def new generation   total 4928K, used 4416K [0x23c10000, 0x24160000, 0x29160000)
  eden space 4416K, 100% used [0x23c10000, 0x24060000, 0x24060000)
  from space 512K,   0% used [0x24060000, 0x24060000, 0x240e0000)
  to   space 512K,   0% used [0x240e0000, 0x240e0000, 0x24160000)
 tenured generation   total 10944K, used 0K [0x29160000, 0x29c10000, 0x33c10000)
   the space 10944K,   0% used [0x29160000, 0x29160000, 0x29160200, 0x29c10000)
 compacting perm gen  total 12288K, used 1168K [0x33c10000, 0x34810000, 0x37c10000)
   the space 12288K,   9% used [0x33c10000, 0x33d34058, 0x33d34200, 0x34810000)
    ro space 10240K,  44% used [0x37c10000, 0x380873f0, 0x38087400, 0x38610000)
    rw space 12288K,  52% used [0x38610000, 0x38c5dd28, 0x38c5de00, 0x39210000)
Event: 0.291 GC heap after
Heap after GC invocations=1 (full 0):
 def new generation   total 4928K, used 512K [0x23c10000, 0x24160000, 0x29160000)
  eden space 4416K,   0% used [0x23c10000, 0x23c10000, 0x24060000)
  from space 512K, 100% used [0x240e0000, 0x24160000, 0x24160000)
  to   space 512K,   0% used [0x24060000, 0x24060000, 0x240e0000)
 tenured generation   total 10944K, used 760K [0x29160000, 0x29c10000, 0x33c10000)
   the space 10944K,   6% used [0x29160000, 0x2921e190, 0x2921e200, 0x29c10000)
 compacting perm gen  total 12288K, used 1168K [0x33c10000, 0x34810000, 0x37c10000)
   the space 12288K,   9% used [0x33c10000, 0x33d34058, 0x33d34200, 0x34810000)
    ro space 10240K,  44% used [0x37c10000, 0x380873f0, 0x38087400, 0x38610000)
    rw space 12288K,  52% used [0x38610000, 0x38c5dd28, 0x38c5de00, 0x39210000)
}
Event: 0.967 GC heap before
{Heap before GC invocations=1 (full 0):
 def new generation   total 4928K, used 4928K [0x23c10000, 0x24160000, 0x29160000)
  eden space 4416K, 100% used [0x23c10000, 0x24060000, 0x24060000)
  from space 512K, 100% used [0x240e0000, 0x24160000, 0x24160000)
  to   space 512K,   0% used [0x24060000, 0x24060000, 0x240e0000)
 tenured generation   total 10944K, used 760K [0x29160000, 0x29c10000, 0x33c10000)
   the space 10944K,   6% used [0x29160000, 0x2921e190, 0x2921e200, 0x29c10000)
 compacting perm gen  total 12288K, used 2819K [0x33c10000, 0x34810000, 0x37c10000)
   the space 12288K,  22% used [0x33c10000, 0x33ed0f00, 0x33ed1000, 0x34810000)
    ro space 10240K,  44% used [0x37c10000, 0x380873f0, 0x38087400, 0x38610000)
    rw space 12288K,  52% used [0x38610000, 0x38c5dd28, 0x38c5de00, 0x39210000)
Event: 0.975 GC heap after
Heap after GC invocations=2 (full 0):
 def new generation   total 4928K, used 512K [0x23c10000, 0x24160000, 0x29160000)
  eden space 4416K,   0% used [0x23c10000, 0x23c10000, 0x24060000)
  from space 512K, 100% used [0x24060000, 0x240e0000, 0x240e0000)
  to   space 512K,   0% used [0x240e0000, 0x240e0000, 0x24160000)
 tenured generation   total 10944K, used 1935K [0x29160000, 0x29c10000, 0x33c10000)
   the space 10944K,  17% used [0x29160000, 0x29343d88, 0x29343e00, 0x29c10000)
 compacting perm gen  total 12288K, used 2819K [0x33c10000, 0x34810000, 0x37c10000)
   the space 12288K,  22% used [0x33c10000, 0x33ed0f00, 0x33ed1000, 0x34810000)
    ro space 10240K,  44% used [0x37c10000, 0x380873f0, 0x38087400, 0x38610000)
    rw space 12288K,  52% used [0x38610000, 0x38c5dd28, 0x38c5de00, 0x39210000)
}

